
12월 02, 2021 14:29:21.138 NEW SESSION
12월 02, 2021 14:29:21.138 [6764:1960:1202/142921.132:ERROR:chrome_browser_main_extra_parts_metrics.cc(226)] crbug.com/1216328: Checking Bluetooth availability started. Please report if there is no report that this ends.
12월 02, 2021 14:29:21.139 [6764:1960:1202/142921.132:ERROR:chrome_browser_main_extra_parts_metrics.cc(229)] crbug.com/1216328: Checking Bluetooth availability ended.
12월 02, 2021 14:29:21.140 [6764:1960:1202/142921.133:ERROR:chrome_browser_main_extra_parts_metrics.cc(232)] crbug.com/1216328: Checking default browser status started. Please report if there is no report that this ends.
12월 02, 2021 14:29:21.141 [6764:1960:1202/142921.140:ERROR:chrome_browser_main_extra_parts_metrics.cc(236)] crbug.com/1216328: Checking default browser status ended.
12월 02, 2021 14:29:21.162 [6764:1836:1202/142921.162:ERROR:device_event_log_impl.cc(214)] [14:29:21.162] Bluetooth: bluetooth_adapter_winrt.cc:1075 Getting Default Adapter failed.
12월 02, 2021 17:43:21.740 [6764:8904:1202/174321.739:ERROR:database.cc(1773)] History SQLite error: code 1555 errno 0: UNIQUE constraint failed: context_annotations.visit_id sql: INSERT INTO context_annotations( visit_id,context_annotation_flags,duration_since_last_visit,page_end_reason,total_foreground_duration )VALUES(?,?,?,?,?)
12월 02, 2021 17:45:06.60 [6764:3296:1202/174506.060:ERROR:database.cc(1773)] History SQLite error: code 1555 errno 0: UNIQUE constraint failed: context_annotations.visit_id sql: INSERT INTO context_annotations( visit_id,context_annotation_flags,duration_since_last_visit,page_end_reason,total_foreground_duration )VALUES(?,?,?,?,?)

12월 06, 2021 10:14:36.151 NEW SESSION
12월 06, 2021 10:14:36.151 [11124:5092:1206/101436.148:ERROR:chrome_browser_main_extra_parts_metrics.cc(226)] crbug.com/1216328: Checking Bluetooth availability started. Please report if there is no report that this ends.
12월 06, 2021 10:14:36.172 [11124:5092:1206/101436.148:ERROR:chrome_browser_main_extra_parts_metrics.cc(229)] crbug.com/1216328: Checking Bluetooth availability ended.
12월 06, 2021 10:14:36.172 [11124:5092:1206/101436.148:ERROR:chrome_browser_main_extra_parts_metrics.cc(232)] crbug.com/1216328: Checking default browser status started. Please report if there is no report that this ends.
12월 06, 2021 10:14:36.173 [11124:5092:1206/101436.152:ERROR:chrome_browser_main_extra_parts_metrics.cc(236)] crbug.com/1216328: Checking default browser status ended.
12월 06, 2021 10:14:36.184 [11124:7404:1206/101436.183:ERROR:device_event_log_impl.cc(214)] [10:14:36.183] Bluetooth: bluetooth_adapter_winrt.cc:1075 Getting Default Adapter failed.
12월 06, 2021 10:26:59.394 [11124:7404:1206/102659.394:ERROR:interface_endpoint_client.cc(658)] Message 0 rejected by interface blink.mojom.WidgetHost

12월 14, 2021 14:12:31.589 NEW SESSION
12월 14, 2021 14:12:31.589 [2412:10208:1214/141231.588:ERROR:chrome_browser_main_extra_parts_metrics.cc(226)] crbug.com/1216328: Checking Bluetooth availability started. Please report if there is no report that this ends.
12월 14, 2021 14:12:31.645 [2412:10208:1214/141231.588:ERROR:chrome_browser_main_extra_parts_metrics.cc(229)] crbug.com/1216328: Checking Bluetooth availability ended.
12월 14, 2021 14:12:31.645 [2412:10208:1214/141231.588:ERROR:chrome_browser_main_extra_parts_metrics.cc(232)] crbug.com/1216328: Checking default browser status started. Please report if there is no report that this ends.
12월 14, 2021 14:12:31.646 [2412:10208:1214/141231.589:ERROR:chrome_browser_main_extra_parts_metrics.cc(236)] crbug.com/1216328: Checking default browser status ended.
12월 14, 2021 14:12:31.646 [2412:7084:1214/141231.597:ERROR:device_event_log_impl.cc(214)] [14:12:31.597] Bluetooth: bluetooth_adapter_winrt.cc:1075 Getting Default Adapter failed.
12월 14, 2021 15:16:28.861 [2412:7084:1214/151628.860:ERROR:interface_endpoint_client.cc(658)] Message 0 rejected by interface blink.mojom.WidgetHost

12월 16, 2021 14:24:43.546 NEW SESSION
12월 16, 2021 14:24:43.546 [5320:12060:1216/142443.545:ERROR:chrome_browser_main_extra_parts_metrics.cc(226)] crbug.com/1216328: Checking Bluetooth availability started. Please report if there is no report that this ends.
12월 16, 2021 14:24:43.797 [5320:12060:1216/142443.545:ERROR:chrome_browser_main_extra_parts_metrics.cc(229)] crbug.com/1216328: Checking Bluetooth availability ended.
12월 16, 2021 14:24:43.797 [5320:12060:1216/142443.545:ERROR:chrome_browser_main_extra_parts_metrics.cc(232)] crbug.com/1216328: Checking default browser status started. Please report if there is no report that this ends.
12월 16, 2021 14:24:43.797 [5320:12060:1216/142443.546:ERROR:chrome_browser_main_extra_parts_metrics.cc(236)] crbug.com/1216328: Checking default browser status ended.
12월 16, 2021 14:24:43.798 [5320:3348:1216/142443.714:ERROR:device_event_log_impl.cc(214)] [14:24:43.714] Bluetooth: bluetooth_adapter_winrt.cc:1075 Getting Default Adapter failed.
12월 16, 2021 17:46:51.493 [5320:3348:1216/174651.493:ERROR:interface_endpoint_client.cc(658)] Message 1 rejected by interface blink.mojom.WidgetHost

12월 20, 2021 09:25:42.374 NEW SESSION
12월 20, 2021 09:25:42.374 [6060:5844:1220/092542.373:ERROR:chrome_browser_main_extra_parts_metrics.cc(226)] crbug.com/1216328: Checking Bluetooth availability started. Please report if there is no report that this ends.
12월 20, 2021 09:25:42.407 [6060:5844:1220/092542.373:ERROR:chrome_browser_main_extra_parts_metrics.cc(229)] crbug.com/1216328: Checking Bluetooth availability ended.
12월 20, 2021 09:25:42.407 [6060:5844:1220/092542.373:ERROR:chrome_browser_main_extra_parts_metrics.cc(232)] crbug.com/1216328: Checking default browser status started. Please report if there is no report that this ends.
12월 20, 2021 09:25:42.407 [6060:5844:1220/092542.374:ERROR:chrome_browser_main_extra_parts_metrics.cc(236)] crbug.com/1216328: Checking default browser status ended.
12월 20, 2021 09:25:42.407 [6060:6412:1220/092542.393:ERROR:device_event_log_impl.cc(214)] [09:25:42.393] Bluetooth: bluetooth_adapter_winrt.cc:1075 Getting Default Adapter failed.
